{"/Volumes/Dev/study/devops/complex/client/src/App.css": {"path":"/Volumes/Dev/study/devops/complex/client/src/App.css","statementMap":{},"fnMap":{},"branchMap":{},"s":{},"f":{},"b":{},"meta":{"lastBranch":0,"lastFunction":0,"lastStatement":0,"seen":{}}}
,"/Volumes/Dev/study/devops/complex/client/src/App.tsx": {"path":"/Volumes/Dev/study/devops/complex/client/src/App.tsx","statementMap":{"0":{"start":{"line":7,"column":2},"end":{"line":16,"column":null}}},"fnMap":{"0":{"name":"App","decl":{"start":{"line":6,"column":9},"end":{"line":6,"column":15}},"loc":{"start":{"line":6,"column":15},"end":{"line":16,"column":null}},"line":6}},"branchMap":{},"s":{"0":2},"f":{"0":2},"b":{},"meta":{"lastBranch":0,"lastFunction":1,"lastStatement":1,"seen":{"f:6:9:6:15":0,"s:7:2:16:Infinity":0}}}
,"/Volumes/Dev/study/devops/complex/client/src/OtherPage.tsx": {"path":"/Volumes/Dev/study/devops/complex/client/src/OtherPage.tsx","statementMap":{"0":{"start":{"line":4,"column":2},"end":{"line":8,"column":null}}},"fnMap":{"0":{"name":"OtherPage","decl":{"start":{"line":3,"column":24},"end":{"line":3,"column":36}},"loc":{"start":{"line":3,"column":36},"end":{"line":8,"column":null}},"line":3}},"branchMap":{},"s":{"0":0},"f":{"0":0},"b":{},"meta":{"lastBranch":0,"lastFunction":1,"lastStatement":1,"seen":{"f:3:24:3:36":0,"s:4:2:8:Infinity":0}}}
,"/Volumes/Dev/study/devops/complex/client/src/jib.tsx": {"path":"/Volumes/Dev/study/devops/complex/client/src/jib.tsx","statementMap":{"0":{"start":{"line":11,"column":20},"end":{"line":15,"column":null}},"1":{"start":{"line":33,"column":17},"end":{"line":39,"column":null}},"2":{"start":{"line":18,"column":4},"end":{"line":18,"column":null}},"3":{"start":{"line":19,"column":4},"end":{"line":19,"column":null}},"4":{"start":{"line":23,"column":19},"end":{"line":23,"column":57}},"5":{"start":{"line":24,"column":4},"end":{"line":24,"column":null}},"6":{"start":{"line":28,"column":21},"end":{"line":28,"column":55}},"7":{"start":{"line":29,"column":24},"end":{"line":29,"column":73}},"8":{"start":{"line":30,"column":4},"end":{"line":30,"column":null}},"9":{"start":{"line":31,"column":4},"end":{"line":31,"column":null}},"10":{"start":{"line":34,"column":4},"end":{"line":34,"column":null}},"11":{"start":{"line":35,"column":4},"end":{"line":35,"column":null}},"12":{"start":{"line":36,"column":4},"end":{"line":38,"column":null}},"13":{"start":{"line":39,"column":4},"end":{"line":39,"column":null}},"14":{"start":{"line":42,"column":4},"end":{"line":42,"column":null}},"15":{"start":{"line":43,"column":4},"end":{"line":43,"column":null}},"16":{"start":{"line":43,"column":54},"end":{"line":43,"column":61}},"17":{"start":{"line":47,"column":20},"end":{"line":47,"column":22}},"18":{"start":{"line":48,"column":4},"end":{"line":53,"column":null}},"19":{"start":{"line":49,"column":6},"end":{"line":53,"column":null}},"20":{"start":{"line":55,"column":4},"end":{"line":55,"column":null}},"21":{"start":{"line":59,"column":4},"end":{"line":73,"column":null}},"22":{"start":{"line":65,"column":33},"end":{"line":65,"column":null}}},"fnMap":{"0":{"name":"(anonymous_0)","decl":{"start":{"line":17,"column":2},"end":{"line":17,"column":22}},"loc":{"start":{"line":17,"column":22},"end":{"line":19,"column":null}},"line":17},"1":{"name":"(anonymous_1)","decl":{"start":{"line":22,"column":8},"end":{"line":22,"column":22}},"loc":{"start":{"line":22,"column":22},"end":{"line":24,"column":null}},"line":22},"2":{"name":"(anonymous_2)","decl":{"start":{"line":27,"column":8},"end":{"line":27,"column":23}},"loc":{"start":{"line":27,"column":23},"end":{"line":31,"column":null}},"line":27},"3":{"name":"(anonymous_3)","decl":{"start":{"line":33,"column":17},"end":{"line":33,"column":24}},"loc":{"start":{"line":33,"column":51},"end":{"line":39,"column":null}},"line":33},"4":{"name":"(anonymous_4)","decl":{"start":{"line":41,"column":2},"end":{"line":41,"column":22}},"loc":{"start":{"line":41,"column":22},"end":{"line":43,"column":null}},"line":41},"5":{"name":"(anonymous_5)","decl":{"start":{"line":43,"column":34},"end":{"line":43,"column":39}},"loc":{"start":{"line":43,"column":54},"end":{"line":43,"column":61}},"line":43},"6":{"name":"(anonymous_6)","decl":{"start":{"line":46,"column":2},"end":{"line":46,"column":17}},"loc":{"start":{"line":46,"column":17},"end":{"line":55,"column":null}},"line":46},"7":{"name":"(anonymous_7)","decl":{"start":{"line":58,"column":2},"end":{"line":58,"column":11}},"loc":{"start":{"line":58,"column":11},"end":{"line":73,"column":null}},"line":58},"8":{"name":"(anonymous_8)","decl":{"start":{"line":65,"column":12},"end":{"line":65,"column":23}},"loc":{"start":{"line":65,"column":33},"end":{"line":65,"column":null}},"line":65}},"branchMap":{"0":{"loc":{"start":{"line":29,"column":24},"end":{"line":29,"column":73}},"type":"cond-expr","locations":[{"start":{"line":29,"column":55},"end":{"line":29,"column":71}},{"start":{"line":29,"column":71},"end":{"line":29,"column":73}}],"line":29}},"s":{"0":2,"1":0,"2":2,"3":2,"4":2,"5":2,"6":2,"7":2,"8":2,"9":2,"10":0,"11":0,"12":0,"13":0,"14":2,"15":2,"16":0,"17":2,"18":2,"19":0,"20":2,"21":2,"22":0},"f":{"0":2,"1":2,"2":2,"3":0,"4":2,"5":0,"6":2,"7":2,"8":0},"b":{"0":[2,0]},"meta":{"lastBranch":1,"lastFunction":9,"lastStatement":23,"seen":{"s:11:20:15:Infinity":0,"s:33:17:39:Infinity":1,"f:17:2:17:22":0,"s:18:4:18:Infinity":2,"s:19:4:19:Infinity":3,"f:22:8:22:22":1,"s:23:19:23:57":4,"s:24:4:24:Infinity":5,"f:27:8:27:23":2,"s:28:21:28:55":6,"s:29:24:29:73":7,"b:29:55:29:71:29:71:29:73":0,"s:30:4:30:Infinity":8,"s:31:4:31:Infinity":9,"f:33:17:33:24":3,"s:34:4:34:Infinity":10,"s:35:4:35:Infinity":11,"s:36:4:38:Infinity":12,"s:39:4:39:Infinity":13,"f:41:2:41:22":4,"s:42:4:42:Infinity":14,"s:43:4:43:Infinity":15,"f:43:34:43:39":5,"s:43:54:43:61":16,"f:46:2:46:17":6,"s:47:20:47:22":17,"s:48:4:53:Infinity":18,"s:49:6:53:Infinity":19,"s:55:4:55:Infinity":20,"f:58:2:58:11":7,"s:59:4:73:Infinity":21,"f:65:12:65:23":8,"s:65:33:65:Infinity":22}}}
}
